<?xml version="1.0" encoding="UTF-8"?>
<testng-results skipped="0" failed="0" ignored="0" total="0" passed="0">
  <reporter-output>
  </reporter-output>
  <suite name="page.object.model.TestHomePage" duration-ms="4" started-at="2018-04-22T04:54:19Z" finished-at="2018-04-22T04:54:19Z">
    <groups>
    </groups>
    <test name="Command line test" duration-ms="4" started-at="2018-04-22T04:54:19Z" finished-at="2018-04-22T04:54:19Z">
    </test> <!-- Command line test -->
  </suite> <!-- page.object.model.TestHomePage -->
</testng-results>
